This is pdfTeX, Version 3.14159265-2.6-1.40.17 (TeX Live 2016/Debian) (preloaded format=pdflatex 2017.4.24)  22 MAY 2017 21:39
entering extended mode
 restricted \write18 enabled.
 %&-line parsing enabled.
**thesis.tex
(./thesis.tex
LaTeX2e <2017/01/01> patch level 3
Babel <3.9r> and hyphenation patterns for 83 language(s) loaded.
(/usr/share/texlive/texmf-dist/tex/latex/base/report.cls
Document Class: report 2014/09/29 v1.4h Standard LaTeX document class
(/usr/share/texlive/texmf-dist/tex/latex/base/size11.clo
File: size11.clo 2014/09/29 v1.4h Standard LaTeX file (size option)
)
\c@part=\count79
\c@chapter=\count80
\c@section=\count81
\c@subsection=\count82
\c@subsubsection=\count83
\c@paragraph=\count84
\c@subparagraph=\count85
\c@figure=\count86
\c@table=\count87
\abovecaptionskip=\skip41
\belowcaptionskip=\skip42
\bibindent=\dimen102
)
(/usr/share/texlive/texmf-dist/tex/latex/graphics/graphicx.sty
Package: graphicx 2014/10/28 v1.0g Enhanced LaTeX Graphics (DPC,SPQR)

(/usr/share/texlive/texmf-dist/tex/latex/graphics/keyval.sty
Package: keyval 2014/10/28 v1.15 key=value parser (DPC)
\KV@toks@=\toks14
)
(/usr/share/texlive/texmf-dist/tex/latex/graphics/graphics.sty
Package: graphics 2016/10/09 v1.0u Standard LaTeX Graphics (DPC,SPQR)

(/usr/share/texlive/texmf-dist/tex/latex/graphics/trig.sty
Package: trig 2016/01/03 v1.10 sin cos tan (DPC)
)
(/usr/share/texlive/texmf-dist/tex/latex/graphics-cfg/graphics.cfg
File: graphics.cfg 2016/06/04 v1.11 sample graphics configuration
)
Package graphics Info: Driver file: pdftex.def on input line 99.

(/usr/share/texlive/texmf-dist/tex/latex/graphics-def/pdftex.def
File: pdftex.def 2017/01/12 v0.06k Graphics/color for pdfTeX

(/usr/share/texlive/texmf-dist/tex/generic/oberdiek/infwarerr.sty
Package: infwarerr 2016/05/16 v1.4 Providing info/warning/error messages (HO)
)
(/usr/share/texlive/texmf-dist/tex/generic/oberdiek/ltxcmds.sty
Package: ltxcmds 2016/05/16 v1.23 LaTeX kernel commands for general use (HO)
)
\Gread@gobject=\count88
))
\Gin@req@height=\dimen103
\Gin@req@width=\dimen104
)
(/usr/share/texlive/texmf-dist/tex/latex/listings/listings.sty
\lst@mode=\count89
\lst@gtempboxa=\box26
\lst@token=\toks15
\lst@length=\count90
\lst@currlwidth=\dimen105
\lst@column=\count91
\lst@pos=\count92
\lst@lostspace=\dimen106
\lst@width=\dimen107
\lst@newlines=\count93
\lst@lineno=\count94
\lst@maxwidth=\dimen108

(/usr/share/texlive/texmf-dist/tex/latex/listings/lstmisc.sty
File: lstmisc.sty 2015/06/04 1.6 (Carsten Heinz)
\c@lstnumber=\count95
\lst@skipnumbers=\count96
\lst@framebox=\box27
)
(/usr/share/texlive/texmf-dist/tex/latex/listings/listings.cfg
File: listings.cfg 2015/06/04 1.6 listings configuration
))
Package: listings 2015/06/04 1.6 (Carsten Heinz)

(/usr/share/texlive/texmf-dist/tex/latex/caption/subcaption.sty
Package: subcaption 2016/05/22 v1.1-161 Sub-captions (AR)

(/usr/share/texlive/texmf-dist/tex/latex/caption/caption.sty
Package: caption 2016/02/21 v3.3-144 Customizing captions (AR)

(/usr/share/texlive/texmf-dist/tex/latex/caption/caption3.sty
Package: caption3 2016/05/22 v1.7-166 caption3 kernel (AR)
Package caption3 Info: TeX engine: e-TeX on input line 67.
\captionmargin=\dimen109
\captionmargin@=\dimen110
\captionwidth=\dimen111
\caption@tempdima=\dimen112
\caption@indent=\dimen113
\caption@parindent=\dimen114
\caption@hangindent=\dimen115
)
\c@ContinuedFloat=\count97
Package caption Info: listings package is loaded.
)
\c@subfigure=\count98
\c@subtable=\count99
) (./thesis.aux)
\openout1 = `thesis.aux'.

LaTeX Font Info:    Checking defaults for OML/cmm/m/it on input line 5.
LaTeX Font Info:    ... okay on input line 5.
LaTeX Font Info:    Checking defaults for T1/cmr/m/n on input line 5.
LaTeX Font Info:    ... okay on input line 5.
LaTeX Font Info:    Checking defaults for OT1/cmr/m/n on input line 5.
LaTeX Font Info:    ... okay on input line 5.
LaTeX Font Info:    Checking defaults for OMS/cmsy/m/n on input line 5.
LaTeX Font Info:    ... okay on input line 5.
LaTeX Font Info:    Checking defaults for OMX/cmex/m/n on input line 5.
LaTeX Font Info:    ... okay on input line 5.
LaTeX Font Info:    Checking defaults for U/cmr/m/n on input line 5.
LaTeX Font Info:    ... okay on input line 5.
(/usr/share/texlive/texmf-dist/tex/context/base/mkii/supp-pdf.mkii
[Loading MPS to PDF converter (version 2006.09.02).]
\scratchcounter=\count100
\scratchdimen=\dimen116
\scratchbox=\box28
\nofMPsegments=\count101
\nofMParguments=\count102
\everyMPshowfont=\toks16
\MPscratchCnt=\count103
\MPscratchDim=\dimen117
\MPnumerator=\count104
\makeMPintoPDFobject=\count105
\everyMPtoPDFconversion=\toks17
) (/usr/share/texlive/texmf-dist/tex/generic/oberdiek/pdftexcmds.sty
Package: pdftexcmds 2016/05/21 v0.22 Utility functions of pdfTeX for LuaTeX (HO
)

(/usr/share/texlive/texmf-dist/tex/generic/oberdiek/ifluatex.sty
Package: ifluatex 2016/05/16 v1.4 Provides the ifluatex switch (HO)
Package ifluatex Info: LuaTeX not detected.
)
(/usr/share/texlive/texmf-dist/tex/generic/oberdiek/ifpdf.sty
Package: ifpdf 2016/05/14 v3.1 Provides the ifpdf switch
)
Package pdftexcmds Info: LuaTeX not detected.
Package pdftexcmds Info: \pdf@primitive is available.
Package pdftexcmds Info: \pdf@ifprimitive is available.
Package pdftexcmds Info: \pdfdraftmode found.
)
(/usr/share/texlive/texmf-dist/tex/latex/oberdiek/epstopdf-base.sty
Package: epstopdf-base 2016/05/15 v2.6 Base part for package epstopdf

(/usr/share/texlive/texmf-dist/tex/latex/oberdiek/grfext.sty
Package: grfext 2016/05/16 v1.2 Manage graphics extensions (HO)

(/usr/share/texlive/texmf-dist/tex/generic/oberdiek/kvdefinekeys.sty
Package: kvdefinekeys 2016/05/16 v1.4 Define keys (HO)
))
(/usr/share/texlive/texmf-dist/tex/latex/oberdiek/kvoptions.sty
Package: kvoptions 2016/05/16 v3.12 Key value format for package options (HO)

(/usr/share/texlive/texmf-dist/tex/generic/oberdiek/kvsetkeys.sty
Package: kvsetkeys 2016/05/16 v1.17 Key value parser (HO)

(/usr/share/texlive/texmf-dist/tex/generic/oberdiek/etexcmds.sty
Package: etexcmds 2016/05/16 v1.6 Avoid name clashes with e-TeX commands (HO)
Package etexcmds Info: Could not find \expanded.
(etexcmds)             That can mean that you are not using pdfTeX 1.50 or
(etexcmds)             that some package has redefined \expanded.
(etexcmds)             In the latter case, load this package earlier.
)))
Package epstopdf-base Info: Redefining graphics rule for `.eps' on input line 4
38.
Package grfext Info: Graphics extension search list:
(grfext)             [.png,.pdf,.jpg,.mps,.jpeg,.jbig2,.jb2,.PNG,.PDF,.JPG,.JPE
G,.JBIG2,.JB2,.eps]
(grfext)             \AppendGraphicsExtensions on input line 456.

(/usr/share/texlive/texmf-dist/tex/latex/latexconfig/epstopdf-sys.cfg
File: epstopdf-sys.cfg 2010/07/13 v1.3 Configuration of (r)epstopdf for TeX Liv
e
))
\c@lstlisting=\count106
Package caption Info: Begin \AtBeginDocument code.
Package caption Info: End \AtBeginDocument code.

Chapter 1.
<images/serialProblem.pdf, id=1, 606.265pt x 250.9375pt>
File: images/serialProblem.pdf Graphic file (type pdf)

<use images/serialProblem.pdf>
Package pdftex.def Info: images/serialProblem.pdf used on input line 14.
(pdftex.def)             Requested size: 242.5017pt x 100.37321pt.

<images/parallelProblem.pdf, id=2, 685.56125pt x 373.395pt>
File: images/parallelProblem.pdf Graphic file (type pdf)

<use images/parallelProblem.pdf>
Package pdftex.def Info: images/parallelProblem.pdf used on input line 22.
(pdftex.def)             Requested size: 274.21964pt x 149.35535pt.
 [1


{/var/lib/texmf/fonts/map/pdftex/updmap/pdftex.map} <./images/serialProblem.pdf
>]
<images/flynnsTaxonomy.pdf, id=18, 469.755pt x 290.08376pt>
File: images/flynnsTaxonomy.pdf Graphic file (type pdf)

<use images/flynnsTaxonomy.pdf>
Package pdftex.def Info: images/flynnsTaxonomy.pdf used on input line 35.
(pdftex.def)             Requested size: 234.87692pt x 145.04152pt.
LaTeX Font Info:    Try loading font information for OMS+cmr on input line 41.

(/usr/share/texlive/texmf-dist/tex/latex/base/omscmr.fd
File: omscmr.fd 2014/09/29 v2.5h Standard LaTeX font definitions
)
LaTeX Font Info:    Font shape `OMS/cmr/m/n' in size <10.95> not available
(Font)              Font shape `OMS/cmsy/m/n' tried instead on input line 41.
 [2 <./images/parallelProblem.pdf>] <images/sisd.pdf, id=31, 401.5pt x 401.5pt>
File: images/sisd.pdf Graphic file (type pdf)
 <use images/sisd.pdf>
Package pdftex.def Info: images/sisd.pdf used on input line 64.
(pdftex.def)             Requested size: 120.45091pt x 120.45091pt.

<images/simd.pdf, id=32, 401.5pt x 401.5pt>
File: images/simd.pdf Graphic file (type pdf)
 <use images/simd.pdf>
Package pdftex.def Info: images/simd.pdf used on input line 69.
(pdftex.def)             Requested size: 120.45091pt x 120.45091pt.

<images/misd.pdf, id=33, 401.5pt x 401.5pt>
File: images/misd.pdf Graphic file (type pdf)
 <use images/misd.pdf>
Package pdftex.def Info: images/misd.pdf used on input line 74.
(pdftex.def)             Requested size: 120.45091pt x 120.45091pt.

<images/mimd.pdf, id=34, 401.5pt x 401.5pt>
File: images/mimd.pdf Graphic file (type pdf)
 <use images/mimd.pdf>
Package pdftex.def Info: images/mimd.pdf used on input line 79.
(pdftex.def)             Requested size: 120.45091pt x 120.45091pt.
 [3 <./images/flynnsTaxonomy.pdf>]
LaTeX Font Info:    External font `cmex10' loaded for size
(Font)              <10.95> on input line 87.
LaTeX Font Info:    External font `cmex10' loaded for size
(Font)              <8> on input line 87.
LaTeX Font Info:    External font `cmex10' loaded for size
(Font)              <6> on input line 87.
 [4 <./images/sisd.pdf> <./images/simd.pdf> <./images/misd.pdf> <./images/mimd.
pdf>]
Missing character: There is no â in font cmbx12!
Missing character: There is no € in font cmbx12!
Missing character: There is no ¢ in font cmbx12!

Underfull \hbox (badness 10000) in paragraph at lines 120--121

 []

[5] <images/scatternet.pdf, id=85, 408.52625pt x 290.08376pt>
File: images/scatternet.pdf Graphic file (type pdf)

<use images/scatternet.pdf>
Package pdftex.def Info: images/scatternet.pdf used on input line 137.
(pdftex.def)             Requested size: 245.11765pt x 174.05159pt.
 [6]
<images/bluetoothStack.pdf, id=90, 384.43625pt x 383.4325pt>
File: images/bluetoothStack.pdf Graphic file (type pdf)

<use images/bluetoothStack.pdf>
Package pdftex.def Info: images/bluetoothStack.pdf used on input line 147.
(pdftex.def)             Requested size: 192.21765pt x 191.71577pt.
 [7 <./images/scatternet.pdf>] [8 <./images/bluetoothStack.pdf>] [9] <images/se
rver.pdf, id=112, 398.99063pt x 415.5525pt>
File: images/server.pdf Graphic file (type pdf)

<use images/server.pdf>
Package pdftex.def Info: images/server.pdf used on input line 190.
(pdftex.def)             Requested size: 199.49483pt x 207.77574pt.

(/usr/share/texlive/texmf-dist/tex/latex/listings/lstlang1.sty
File: lstlang1.sty 2015/06/04 1.6 listings language file
)
(/usr/share/texlive/texmf-dist/tex/latex/listings/lstmisc.sty
File: lstmisc.sty 2015/06/04 1.6 (Carsten Heinz)
)
Overfull \hbox (1.35376pt too wide) in paragraph at lines 206--207
[][][][][][][][][][][][][][][][] 
 []


Overfull \hbox (13.39537pt too wide) in paragraph at lines 186--210
\OT1/cmr/m/n/10.95 WebSocket-Key" header and "258EAFA5-E914-47DA-95CA-C5AB0DC85
B11"
 []


LaTeX Warning: `h' float specifier changed to `ht'.


LaTeX Warning: `h' float specifier changed to `ht'.

[10]
Underfull \hbox (badness 10000) in paragraph at lines 212--213

 []

[11 <./images/server.pdf>]
Underfull \hbox (badness 10000) in paragraph at lines 214--216

 []

<images/WebSocketDataFrame.pdf, id=123, 542.025pt x 279.0425pt>
File: images/WebSocketDataFrame.pdf Graphic file (type pdf)

<use images/WebSocketDataFrame.pdf>
Package pdftex.def Info: images/WebSocketDataFrame.pdf used on input line 224.
(pdftex.def)             Requested size: 271.01183pt x 139.5209pt.
 [12 <./images/WebSocketDataFrame.pdf>]
[13] [14]
Chapter 2.
[15

] <images/CorrectMsg.pdf, id=141, 348.73184pt x 146.3588pt>
File: images/CorrectMsg.pdf Graphic file (type pdf)

<use images/CorrectMsg.pdf>
Package pdftex.def Info: images/CorrectMsg.pdf used on input line 308.
(pdftex.def)             Requested size: 244.11061pt x 102.45044pt.

<images/IncorrectMsg.pdf, id=142, 349.3341pt x 176.4743pt>
File: images/IncorrectMsg.pdf Graphic file (type pdf)

<use images/IncorrectMsg.pdf>
Package pdftex.def Info: images/IncorrectMsg.pdf used on input line 316.
(pdftex.def)             Requested size: 244.5322pt x 123.53116pt.

<images/DelayedMsg.pdf, id=143, 349.93636pt x 176.4743pt>
File: images/DelayedMsg.pdf Graphic file (type pdf)

<use images/DelayedMsg.pdf>
Package pdftex.def Info: images/DelayedMsg.pdf used on input line 324.
(pdftex.def)             Requested size: 244.95377pt x 123.53116pt.
 [16 <./images/CorrectMsg.pdf> <./images/IncorrectMsg.pdf>] <images/ShiftMatrix
.pdf, id=159, 349.93636pt x 176.4743pt>
File: images/ShiftMatrix.pdf Graphic file (type pdf)

<use images/ShiftMatrix.pdf>
Package pdftex.def Info: images/ShiftMatrix.pdf used on input line 332.
(pdftex.def)             Requested size: 244.95377pt x 123.53116pt.
 [17 <./images/DelayedMsg.pdf> <./images/ShiftMatrix.pdf>] <images/webSocketCom
.pdf, id=175, 351.74309pt x 179.48557pt>
File: images/webSocketCom.pdf Graphic file (type pdf)

<use images/webSocketCom.pdf>
Package pdftex.def Info: images/webSocketCom.pdf used on input line 348.
(pdftex.def)             Requested size: 246.21848pt x 125.63904pt.
 [18 <./images/webSocketCom.pdf>]
<images/webSocketCom2.pdf, id=186, 348.73184pt x 146.96104pt>
File: images/webSocketCom2.pdf Graphic file (type pdf)

<use images/webSocketCom2.pdf>
Package pdftex.def Info: images/webSocketCom2.pdf used on input line 356.
(pdftex.def)             Requested size: 244.11061pt x 102.87202pt.


LaTeX Warning: Reference `websocketProtocol' on page 19 undefined on input line
 364.

(/usr/share/texlive/texmf-dist/tex/latex/listings/lstlang1.sty
File: lstlang1.sty 2015/06/04 1.6 listings language file
)
LaTeX Font Info:    Try loading font information for OML+cmr on input line 369.


(/usr/share/texlive/texmf-dist/tex/latex/base/omlcmr.fd
File: omlcmr.fd 2014/09/29 v2.5h Standard LaTeX font definitions
)
LaTeX Font Info:    Font shape `OML/cmr/m/n' in size <10.95> not available
(Font)              Font shape `OML/cmm/m/it' tried instead on input line 369.


LaTeX Warning: `h' float specifier changed to `ht'.


Overfull \hbox (119.61499pt too wide) in paragraph at lines 381--382
[][][][][][][][][][][][][][][][][][][][][][][][][][][][][][][] 
 []


LaTeX Warning: `h' float specifier changed to `ht'.


LaTeX Warning: Reference `sec:matrixMultiplication' on page 19 undefined on inp
ut line 389.


LaTeX Warning: Reference `fig:resultApp1' on page 19 undefined on input line 38
9.

[19 <./images/webSocketCom2.pdf>] [20]
Overfull \hbox (67.05444pt too wide) in paragraph at lines 408--409
[][][][][][][][][][][][][][][][][][][][][][][][] 
 []


Overfull \hbox (1.35376pt too wide) in paragraph at lines 417--418
[][][][][][][][][][][][][][][][][][][][][][] 
 []


Overfull \hbox (34.2041pt too wide) in paragraph at lines 419--420
[][][][][][][][][][][][][][][][][][] 
 []


Overfull \hbox (106.47485pt too wide) in paragraph at lines 420--421
[][][][][][][][][][][][][][][][][][][][][][][][][][][][][][][][][][] 
 []


Overfull \hbox (7.92383pt too wide) in paragraph at lines 425--426
[][][][][][][][][][][][][][] 
 []


Overfull \hbox (7.92383pt too wide) in paragraph at lines 452--453
[][][][][][][][][][][][][][][][][][][][][][][][][][][][] 
 []


LaTeX Warning: Float too large for page by 20.59999pt on input line 460.


LaTeX Warning: `h' float specifier changed to `ht'.

[21] [22]
Chapter 3.


pdfTeX warning: pdflatex (file ./images/WebsocketTransmissionSpeed.pdf): PDF in
clusion: found PDF version <1.7>, but at most version <1.5> allowed
<images/WebsocketTransmissionSpeed.pdf, id=206, 963.6pt x 542.025pt>
File: images/WebsocketTransmissionSpeed.pdf Graphic file (type pdf)

<use images/WebsocketTransmissionSpeed.pdf>
Package pdftex.def Info: images/WebsocketTransmissionSpeed.pdf used on input li
ne 479.
(pdftex.def)             Requested size: 433.616pt x 243.90898pt.

Overfull \hbox (73.616pt too wide) in paragraph at lines 479--480
 [][] 
 []

[23

]

pdfTeX warning: pdflatex (file ./images/BluetoothtransmissionSpeed.pdf): PDF in
clusion: found PDF version <1.7>, but at most version <1.5> allowed
<images/BluetoothtransmissionSpeed.pdf, id=210, 963.6pt x 542.025pt>
File: images/BluetoothtransmissionSpeed.pdf Graphic file (type pdf)

<use images/BluetoothtransmissionSpeed.pdf>
Package pdftex.def Info: images/BluetoothtransmissionSpeed.pdf used on input li
ne 488.
(pdftex.def)             Requested size: 433.616pt x 243.90898pt.

Overfull \hbox (73.616pt too wide) in paragraph at lines 488--489
 [][] 
 []



pdfTeX warning: pdflatex (file ./images/BluetoothVsWebsocket.pdf): PDF inclusio
n: found PDF version <1.7>, but at most version <1.5> allowed
<images/BluetoothVsWebsocket.pdf, id=211, 963.6pt x 542.025pt>
File: images/BluetoothVsWebsocket.pdf Graphic file (type pdf)

<use images/BluetoothVsWebsocket.pdf>
Package pdftex.def Info: images/BluetoothVsWebsocket.pdf used on input line 497
.
(pdftex.def)             Requested size: 433.616pt x 243.90898pt.

Overfull \hbox (73.616pt too wide) in paragraph at lines 497--498
 [][] 
 []


LaTeX Warning: Reference `subsec:compArch' on page 24 undefined on input line 5
03.

[24 <./images/WebsocketTransmissionSpeed.pdf>]

LaTeX Warning: Reference `grap:openclCalcu' on page 25 undefined on input line 
507.

(./thesis.bbl [25 <./images/BluetoothtransmissionSpeed.pdf>] [26 <./images/Blue
toothVsWebsocket.pdf>]
Underfull \hbox (badness 2707) in paragraph at lines 67--70
[]\OT1/cmr/m/n/10.95 Mozilla. (2017) Writ-ing web-socket servers. [On-
 []


Underfull \hbox (badness 10000) in paragraph at lines 67--70
\OT1/cmr/m/n/10.95 line]. Avail-able: https://developer.mozilla.org/en-
 []

) [27

] (./thesis.aux)

LaTeX Warning: There were undefined references.

 ) 
Here is how much of TeX's memory you used:
 4318 strings out of 493013
 67437 string characters out of 6135682
 180454 words of memory out of 5000000
 7813 multiletter control sequences out of 15000+600000
 9455 words of font info for 33 fonts, out of 8000000 for 9000
 1141 hyphenation exceptions out of 8191
 42i,8n,51p,1360b,1277s stack positions out of 5000i,500n,10000p,200000b,80000s
</usr/share/texlive/texmf-dist/fonts/type1/public/amsfonts/cm/cmbx10.pfb></us
r/share/texlive/texmf-dist/fonts/type1/public/amsfonts/cm/cmbx12.pfb></usr/shar
e/texlive/texmf-dist/fonts/type1/public/amsfonts/cm/cmmi10.pfb></usr/share/texl
ive/texmf-dist/fonts/type1/public/amsfonts/cm/cmr10.pfb></usr/share/texlive/tex
mf-dist/fonts/type1/public/amsfonts/cm/cmsy10.pfb></usr/share/texlive/texmf-dis
t/fonts/type1/public/amsfonts/cm/cmti10.pfb>
Output written on thesis.pdf (27 pages, 538997 bytes).
PDF statistics:
 276 PDF objects out of 1000 (max. 8388607)
 181 compressed objects within 2 object streams
 0 named destinations out of 1000 (max. 500000)
 101 words of extra memory for PDF output out of 10000 (max. 10000000)

